<?xml version="1.0" encoding="UTF-8"?>
<!-- Generated by org.testng.reporters.JUnitReportReporter -->
<testsuite hostname="SRIDHAR-PC" failures="0" tests="2" name="java2Pro.SecondTest" time="0.005" errors="0" timestamp="25 Sep 2021 10:42:31 GMT" skipped="0">
  <testcase classname="java2Pro.SecondTest" name="funAA" time="0.003"/>
  <testcase classname="java2Pro.SecondTest" name="funbB" time="0.002"/>
</testsuite> <!-- java2Pro.SecondTest -->
