<?xml version="1.0" encoding="UTF-8"?>
<!-- Generated by org.testng.reporters.JUnitReportReporter -->
<testsuite hostname="SRIDHAR-PC" failures="0" tests="2" name="java2Pro.FirstTest" time="0.035" errors="0" timestamp="25 Sep 2021 10:42:31 GMT" skipped="0">
  <testcase classname="java2Pro.FirstTest" name="funb" time="0.002"/>
  <testcase classname="java2Pro.FirstTest" name="funA" time="0.033"/>
</testsuite> <!-- java2Pro.FirstTest -->
